<?xml version="1.0" encoding="UTF-8"?>
<!-- Generated by org.testng.reporters.JUnitReportReporter -->
<testsuite hostname="DESKTOP-2EB7RG6" failures="0" tests="4" name="api.test.UserTests" time="8.877" errors="0" timestamp="2023-06-20T00:19:53 IST" skipped="0">
  <testcase classname="api.test.UserTests" name="testPostUser" time="3.807"/>
  <system-out/>
  <testcase classname="api.test.UserTests" name="testGetUserByName" time="1.245"/>
  <system-out/>
  <testcase classname="api.test.UserTests" name="testUpdateUserByName" time="2.492"/>
  <system-out/>
  <testcase classname="api.test.UserTests" name="testDeleteUserByName" time="1.333"/>
  <system-out/>
</testsuite> <!-- api.test.UserTests -->
