<?xml version="1.0" encoding="UTF-8"?>
<!-- Generated by org.testng.reporters.JUnitReportReporter -->
<testsuite hostname="DESKTOP-2EB7RG6" failures="0" tests="6" name="api.test.DDTest" time="10.386" errors="0" timestamp="2023-06-18T12:09:31 IST" skipped="0">
  <testcase classname="api.test.DDTest" name="testPostuser" time="3.699"/>
  <system-out/>
  <testcase classname="api.test.DDTest" name="testPostuser" time="1.406"/>
  <system-out/>
  <testcase classname="api.test.DDTest" name="testPostuser" time="1.373"/>
  <system-out/>
  <testcase classname="api.test.DDTest" name="testDeleteuserByName" time="1.195"/>
  <system-out/>
  <testcase classname="api.test.DDTest" name="testDeleteuserByName" time="1.356"/>
  <system-out/>
  <testcase classname="api.test.DDTest" name="testDeleteuserByName" time="1.357"/>
  <system-out/>
</testsuite> <!-- api.test.DDTest -->
