<?xml version="1.0" encoding="UTF-8"?>
<!-- Generated by org.testng.reporters.JUnitReportReporter -->
<testsuite hostname="DESKTOP-2EB7RG6" failures="0" tests="4" name="api.test.UserTests" time="9.268" errors="0" timestamp="2023-06-22T17:57:07 IST" skipped="0">
  <testcase classname="api.test.UserTests" name="testPostUser" time="3.805"/>
  <system-out/>
  <testcase classname="api.test.UserTests" name="testGetUserByName" time="1.417"/>
  <system-out/>
  <testcase classname="api.test.UserTests" name="testUpdateUserByName" time="2.747"/>
  <system-out/>
  <testcase classname="api.test.UserTests" name="testDeleteUserByName" time="1.299"/>
  <system-out/>
</testsuite> <!-- api.test.UserTests -->
